<?xml version="1.0" encoding="UTF-8"?>
<testng-results ignored="0" total="1" passed="1" failed="0" skipped="0">
  <reporter-output>
  </reporter-output>
  <suite started-at="2022-05-22T20:07:22 MSK" name="All Test Suite" finished-at="2022-05-22T20:07:30 MSK" duration-ms="8401">
    <groups>
    </groups>
    <test started-at="2022-05-22T20:07:22 MSK" name="C:/Java Projects/JenkinsTest" finished-at="2022-05-22T20:07:30 MSK" duration-ms="8401">
      <class name="FirstClassJenkins">
        <test-method is-config="true" signature="setUp()[pri:0, instance:FirstClassJenkins@4cc8eb05]" started-at="2022-05-22T20:07:22 MSK" name="setUp" finished-at="2022-05-22T20:07:24 MSK" duration-ms="2671" status="PASS">
          <reporter-output>
          </reporter-output>
        </test-method> <!-- setUp -->
        <test-method signature="login()[pri:0, instance:FirstClassJenkins@4cc8eb05]" started-at="2022-05-22T20:07:24 MSK" name="login" finished-at="2022-05-22T20:07:29 MSK" duration-ms="4896" status="PASS">
          <reporter-output>
          </reporter-output>
        </test-method> <!-- login -->
        <test-method is-config="true" signature="tearDown()[pri:0, instance:FirstClassJenkins@4cc8eb05]" started-at="2022-05-22T20:07:29 MSK" name="tearDown" finished-at="2022-05-22T20:07:30 MSK" duration-ms="782" status="PASS">
          <reporter-output>
          </reporter-output>
        </test-method> <!-- tearDown -->
      </class> <!-- FirstClassJenkins -->
    </test> <!-- C:/Java Projects/JenkinsTest -->
  </suite> <!-- All Test Suite -->
</testng-results>
